<?xml version="1.0" encoding="UTF-8"?>
<testsuite xmlns:xsi="http://www.w3.org/2001/XMLSchema-instance" xsi:noNamespaceSchemaLocation="https://maven.apache.org/surefire/maven-surefire-plugin/xsd/surefire-test-report.xsd" name="br.com.automation.APIRest.TestAPI" time="2.14" tests="1" errors="0" skipped="0" failures="1">
  <properties>
[...]
</properties>
  <testcase name="Test" classname="br.com.automation.APIRest.TestAPI" time="2.14">
    <failure message="1 expectation failed.&#10;JSON path args.foo1 doesn&apos;t match.&#10;Expected: a string containing &quot;bar&quot;&#10;  Actual: ba1&#10;" type="java.lang.AssertionError">java.lang.AssertionError: 
1 expectation failed.
JSON path args.foo1 doesn't match.
Expected: a string containing "bar"
  Actual: ba1

	at br.com.automation.APIRest.TestAPI.Test(TestAPI.java:24)
</failure>
  </testcase>
</testsuite>